{"/home/athos/Desktop/Projetos/ECommerce/back-end/src/app.controller.ts": {"path":"/home/athos/Desktop/Projetos/ECommerce/back-end/src/app.controller.ts","statementMap":{"0":{"start":{"line":1,"column":0},"end":{"line":1,"column":49}},"1":{"start":{"line":3,"column":0},"end":{"line":3,"column":43}},"2":{"start":{"line":10,"column":7},"end":{"line":21,"column":null}},"3":{"start":{"line":11,"column":31},"end":{"line":11,"column":43}},"4":{"start":{"line":19,"column":4},"end":{"line":19,"column":38}},"5":{"start":{"line":10,"column":13},"end":{"line":10,"column":26}},"6":{"start":{"line":18,"column":2},"end":{"line":20,"column":null}},"7":{"start":{"line":10,"column":13},"end":{"line":21,"column":null}}},"fnMap":{"0":{"name":"(anonymous_2)","decl":{"start":{"line":11,"column":2},"end":{"line":11,"column":31}},"loc":{"start":{"line":11,"column":53},"end":{"line":11,"column":57}}},"1":{"name":"(anonymous_3)","decl":{"start":{"line":18,"column":2},"end":{"line":18,"column":10}},"loc":{"start":{"line":18,"column":10},"end":{"line":20,"column":3}}}},"branchMap":{},"s":{"0":1,"1":1,"2":1,"3":1,"4":1,"5":1,"6":1,"7":1},"f":{"0":1,"1":1},"b":{}}
,"/home/athos/Desktop/Projetos/ECommerce/back-end/src/app.service.ts": {"path":"/home/athos/Desktop/Projetos/ECommerce/back-end/src/app.service.ts","statementMap":{"0":{"start":{"line":1,"column":0},"end":{"line":1,"column":44}},"1":{"start":{"line":8,"column":7},"end":{"line":12,"column":null}},"2":{"start":{"line":10,"column":4},"end":{"line":10,"column":26}},"3":{"start":{"line":8,"column":13},"end":{"line":8,"column":23}},"4":{"start":{"line":8,"column":13},"end":{"line":12,"column":null}}},"fnMap":{"0":{"name":"(anonymous_1)","decl":{"start":{"line":9,"column":2},"end":{"line":9,"column":10}},"loc":{"start":{"line":9,"column":10},"end":{"line":11,"column":3}}}},"branchMap":{},"s":{"0":1,"1":1,"2":1,"3":1,"4":1},"f":{"0":1},"b":{}}
,"/home/athos/Desktop/Projetos/ECommerce/back-end/src/auth/auth.controller.ts": {"path":"/home/athos/Desktop/Projetos/ECommerce/back-end/src/auth/auth.controller.ts","statementMap":{"0":{"start":{"line":1,"column":0},"end":{"line":1,"column":null}},"1":{"start":{"line":8,"column":0},"end":{"line":8,"column":60}},"2":{"start":{"line":9,"column":0},"end":{"line":9,"column":45}},"3":{"start":{"line":12,"column":7},"end":{"line":28,"column":null}},"4":{"start":{"line":13,"column":31},"end":{"line":13,"column":44}},"5":{"start":{"line":19,"column":4},"end":{"line":19,"column":52}},"6":{"start":{"line":26,"column":4},"end":{"line":26,"column":61}},"7":{"start":{"line":12,"column":13},"end":{"line":12,"column":27}},"8":{"start":{"line":18,"column":8},"end":{"line":20,"column":null}},"9":{"start":{"line":25,"column":8},"end":{"line":27,"column":null}},"10":{"start":{"line":12,"column":13},"end":{"line":28,"column":null}}},"fnMap":{"0":{"name":"(anonymous_4)","decl":{"start":{"line":13,"column":2},"end":{"line":13,"column":31}},"loc":{"start":{"line":13,"column":55},"end":{"line":13,"column":59}}},"1":{"name":"(anonymous_5)","decl":{"start":{"line":18,"column":2},"end":{"line":18,"column":7}},"loc":{"start":{"line":18,"column":53},"end":{"line":20,"column":3}}},"2":{"name":"(anonymous_6)","decl":{"start":{"line":25,"column":2},"end":{"line":25,"column":7}},"loc":{"start":{"line":25,"column":63},"end":{"line":27,"column":3}}}},"branchMap":{},"s":{"0":1,"1":1,"2":1,"3":1,"4":5,"5":2,"6":2,"7":1,"8":1,"9":1,"10":1},"f":{"0":5,"1":2,"2":2},"b":{}}
,"/home/athos/Desktop/Projetos/ECommerce/back-end/src/auth/auth.service.ts": {"path":"/home/athos/Desktop/Projetos/ECommerce/back-end/src/auth/auth.service.ts","statementMap":{"0":{"start":{"line":1,"column":0},"end":{"line":1,"column":35}},"1":{"start":{"line":3,"column":0},"end":{"line":3,"column":67}},"2":{"start":{"line":5,"column":0},"end":{"line":5,"column":41}},"3":{"start":{"line":7,"column":0},"end":{"line":7,"column":51}},"4":{"start":{"line":10,"column":7},"end":{"line":52,"column":null}},"5":{"start":{"line":12,"column":21},"end":{"line":12,"column":35}},"6":{"start":{"line":13,"column":21},"end":{"line":13,"column":33}},"7":{"start":{"line":19,"column":27},"end":{"line":19,"column":72}},"8":{"start":{"line":20,"column":4},"end":{"line":25,"column":7}},"9":{"start":{"line":30,"column":17},"end":{"line":30,"column":59}},"10":{"start":{"line":31,"column":4},"end":{"line":31,"column":73}},"11":{"start":{"line":31,"column":15},"end":{"line":31,"column":73}},"12":{"start":{"line":32,"column":18},"end":{"line":32,"column":63}},"13":{"start":{"line":33,"column":4},"end":{"line":33,"column":66}},"14":{"start":{"line":33,"column":16},"end":{"line":33,"column":66}},"15":{"start":{"line":34,"column":4},"end":{"line":34,"column":16}},"16":{"start":{"line":39,"column":17},"end":{"line":39,"column":57}},"17":{"start":{"line":40,"column":20},"end":{"line":40,"column":76}},"18":{"start":{"line":42,"column":4},"end":{"line":50,"column":6}},"19":{"start":{"line":10,"column":13},"end":{"line":10,"column":24}},"20":{"start":{"line":10,"column":13},"end":{"line":52,"column":null}}},"fnMap":{"0":{"name":"(anonymous_2)","decl":{"start":{"line":11,"column":2},"end":{"line":11,"column":null}},"loc":{"start":{"line":13,"column":43},"end":{"line":14,"column":6}}},"1":{"name":"(anonymous_3)","decl":{"start":{"line":18,"column":2},"end":{"line":18,"column":7}},"loc":{"start":{"line":18,"column":45},"end":{"line":26,"column":3}}},"2":{"name":"(anonymous_4)","decl":{"start":{"line":29,"column":2},"end":{"line":29,"column":7}},"loc":{"start":{"line":29,"column":52},"end":{"line":35,"column":3}}},"3":{"name":"(anonymous_5)","decl":{"start":{"line":38,"column":2},"end":{"line":38,"column":7}},"loc":{"start":{"line":38,"column":45},"end":{"line":51,"column":3}}}},"branchMap":{"0":{"loc":{"start":{"line":31,"column":4},"end":{"line":31,"column":73}},"type":"if","locations":[{"start":{"line":31,"column":4},"end":{"line":31,"column":73}}]},"1":{"loc":{"start":{"line":33,"column":4},"end":{"line":33,"column":66}},"type":"if","locations":[{"start":{"line":33,"column":4},"end":{"line":33,"column":66}}]}},"s":{"0":2,"1":2,"2":2,"3":2,"4":2,"5":8,"6":8,"7":2,"8":2,"9":3,"10":3,"11":1,"12":2,"13":2,"14":1,"15":1,"16":2,"17":1,"18":1,"19":2,"20":2},"f":{"0":8,"1":2,"2":3,"3":2},"b":{"0":[1],"1":[1]}}
,"/home/athos/Desktop/Projetos/ECommerce/back-end/src/auth/jwt-auth.guard.ts": {"path":"/home/athos/Desktop/Projetos/ECommerce/back-end/src/auth/jwt-auth.guard.ts","statementMap":{"0":{"start":{"line":1,"column":0},"end":{"line":1,"column":44}},"1":{"start":{"line":2,"column":0},"end":{"line":2,"column":45}},"2":{"start":{"line":8,"column":7},"end":{"line":8,"column":null}},"3":{"start":{"line":8,"column":13},"end":{"line":8,"column":25}},"4":{"start":{"line":8,"column":13},"end":{"line":8,"column":null}}},"fnMap":{},"branchMap":{},"s":{"0":4,"1":4,"2":4,"3":4,"4":4},"f":{},"b":{}}
,"/home/athos/Desktop/Projetos/ECommerce/back-end/src/auth/jwt.strategy.ts": {"path":"/home/athos/Desktop/Projetos/ECommerce/back-end/src/auth/jwt.strategy.ts","statementMap":{"0":{"start":{"line":1,"column":0},"end":{"line":1,"column":52}},"1":{"start":{"line":3,"column":0},"end":{"line":3,"column":44}},"2":{"start":{"line":4,"column":0},"end":{"line":4,"column":52}},"3":{"start":{"line":11,"column":7},"end":{"line":28,"column":null}},"4":{"start":{"line":13,"column":4},"end":{"line":17,"column":7}},"5":{"start":{"line":22,"column":4},"end":{"line":26,"column":6}},"6":{"start":{"line":11,"column":13},"end":{"line":11,"column":24}},"7":{"start":{"line":11,"column":13},"end":{"line":28,"column":null}}},"fnMap":{"0":{"name":"(anonymous_2)","decl":{"start":{"line":12,"column":2},"end":{"line":12,"column":null}},"loc":{"start":{"line":12,"column":2},"end":{"line":18,"column":3}}},"1":{"name":"(anonymous_3)","decl":{"start":{"line":21,"column":2},"end":{"line":21,"column":7}},"loc":{"start":{"line":21,"column":29},"end":{"line":27,"column":3}}}},"branchMap":{},"s":{"0":1,"1":1,"2":1,"3":1,"4":2,"5":2,"6":1,"7":1},"f":{"0":2,"1":2},"b":{}}
,"/home/athos/Desktop/Projetos/ECommerce/back-end/src/auth/roles.decorator.ts": {"path":"/home/athos/Desktop/Projetos/ECommerce/back-end/src/auth/roles.decorator.ts","statementMap":{"0":{"start":{"line":1,"column":0},"end":{"line":1,"column":45}},"1":{"start":{"line":7,"column":21},"end":{"line":7,"column":72}},"2":{"start":{"line":7,"column":45},"end":{"line":7,"column":72}},"3":{"start":{"line":7,"column":13},"end":{"line":7,"column":21}}},"fnMap":{"0":{"name":"(anonymous_0)","decl":{"start":{"line":7,"column":21},"end":{"line":7,"column":22}},"loc":{"start":{"line":7,"column":45},"end":{"line":7,"column":72}}}},"branchMap":{},"s":{"0":3,"1":3,"2":7,"3":3},"f":{"0":7},"b":{}}
,"/home/athos/Desktop/Projetos/ECommerce/back-end/src/auth/roles.guard.ts": {"path":"/home/athos/Desktop/Projetos/ECommerce/back-end/src/auth/roles.guard.ts","statementMap":{"0":{"start":{"line":1,"column":0},"end":{"line":1,"column":null}},"1":{"start":{"line":8,"column":0},"end":{"line":8,"column":41}},"2":{"start":{"line":19,"column":7},"end":{"line":36,"column":null}},"3":{"start":{"line":20,"column":22},"end":{"line":20,"column":33}},"4":{"start":{"line":23,"column":26},"end":{"line":25,"column":null}},"5":{"start":{"line":27,"column":4},"end":{"line":29,"column":5}},"6":{"start":{"line":28,"column":6},"end":{"line":28,"column":18}},"7":{"start":{"line":30,"column":21},"end":{"line":30,"column":56}},"8":{"start":{"line":31,"column":4},"end":{"line":33,"column":5}},"9":{"start":{"line":32,"column":6},"end":{"line":32,"column":73}},"10":{"start":{"line":34,"column":4},"end":{"line":34,"column":16}},"11":{"start":{"line":19,"column":13},"end":{"line":19,"column":23}},"12":{"start":{"line":19,"column":13},"end":{"line":36,"column":null}}},"fnMap":{"0":{"name":"(anonymous_2)","decl":{"start":{"line":20,"column":2},"end":{"line":20,"column":22}},"loc":{"start":{"line":20,"column":42},"end":{"line":20,"column":46}}},"1":{"name":"(anonymous_3)","decl":{"start":{"line":22,"column":2},"end":{"line":22,"column":13}},"loc":{"start":{"line":22,"column":39},"end":{"line":35,"column":3}}}},"branchMap":{"0":{"loc":{"start":{"line":27,"column":4},"end":{"line":29,"column":5}},"type":"if","locations":[{"start":{"line":27,"column":4},"end":{"line":29,"column":5}}]},"1":{"loc":{"start":{"line":31,"column":4},"end":{"line":33,"column":5}},"type":"if","locations":[{"start":{"line":31,"column":4},"end":{"line":33,"column":5}}]},"2":{"loc":{"start":{"line":31,"column":8},"end":{"line":31,"column":51}},"type":"binary-expr","locations":[{"start":{"line":31,"column":8},"end":{"line":31,"column":13}},{"start":{"line":31,"column":17},"end":{"line":31,"column":51}}]}},"s":{"0":3,"1":3,"2":3,"3":5,"4":4,"5":4,"6":1,"7":3,"8":3,"9":2,"10":1,"11":3,"12":3},"f":{"0":5,"1":4},"b":{"0":[1],"1":[2],"2":[3,2]}}
,"/home/athos/Desktop/Projetos/ECommerce/back-end/src/product/product.controller.ts": {"path":"/home/athos/Desktop/Projetos/ECommerce/back-end/src/product/product.controller.ts","statementMap":{"0":{"start":{"line":1,"column":0},"end":{"line":1,"column":null}},"1":{"start":{"line":18,"column":0},"end":{"line":18,"column":59}},"2":{"start":{"line":20,"column":0},"end":{"line":20,"column":54}},"3":{"start":{"line":21,"column":0},"end":{"line":21,"column":48}},"4":{"start":{"line":22,"column":0},"end":{"line":22,"column":49}},"5":{"start":{"line":23,"column":0},"end":{"line":23,"column":60}},"6":{"start":{"line":24,"column":0},"end":{"line":24,"column":51}},"7":{"start":{"line":32,"column":7},"end":{"line":136,"column":null}},"8":{"start":{"line":33,"column":31},"end":{"line":33,"column":47}},"9":{"start":{"line":46,"column":4},"end":{"line":48,"column":5}},"10":{"start":{"line":47,"column":6},"end":{"line":47,"column":65}},"11":{"start":{"line":50,"column":4},"end":{"line":50,"column":69}},"12":{"start":{"line":59,"column":19},"end":{"line":59,"column":35}},"13":{"start":{"line":60,"column":4},"end":{"line":60,"column":47}},"14":{"start":{"line":68,"column":4},"end":{"line":68,"column":43}},"15":{"start":{"line":84,"column":4},"end":{"line":84,"column":74}},"16":{"start":{"line":97,"column":19},"end":{"line":97,"column":35}},"17":{"start":{"line":98,"column":4},"end":{"line":115,"column":5}},"18":{"start":{"line":99,"column":25},"end":{"line":101,"column":null}},"19":{"start":{"line":104,"column":6},"end":{"line":107,"column":9}},"20":{"start":{"line":109,"column":6},"end":{"line":109,"column":34}},"21":{"start":{"line":111,"column":6},"end":{"line":113,"column":7}},"22":{"start":{"line":112,"column":8},"end":{"line":112,"column":64}},"23":{"start":{"line":114,"column":6},"end":{"line":114,"column":73}},"24":{"start":{"line":124,"column":4},"end":{"line":124,"column":59}},"25":{"start":{"line":134,"column":4},"end":{"line":134,"column":42}},"26":{"start":{"line":32,"column":13},"end":{"line":32,"column":30}},"27":{"start":{"line":42,"column":8},"end":{"line":51,"column":null}},"28":{"start":{"line":58,"column":8},"end":{"line":61,"column":null}},"29":{"start":{"line":67,"column":2},"end":{"line":69,"column":null}},"30":{"start":{"line":79,"column":8},"end":{"line":85,"column":null}},"31":{"start":{"line":92,"column":8},"end":{"line":116,"column":null}},"32":{"start":{"line":123,"column":8},"end":{"line":125,"column":null}},"33":{"start":{"line":133,"column":2},"end":{"line":135,"column":null}},"34":{"start":{"line":32,"column":13},"end":{"line":136,"column":null}}},"fnMap":{"0":{"name":"(anonymous_4)","decl":{"start":{"line":33,"column":2},"end":{"line":33,"column":31}},"loc":{"start":{"line":33,"column":61},"end":{"line":33,"column":65}}},"1":{"name":"(anonymous_5)","decl":{"start":{"line":42,"column":2},"end":{"line":42,"column":7}},"loc":{"start":{"line":44,"column":45},"end":{"line":51,"column":3}}},"2":{"name":"(anonymous_6)","decl":{"start":{"line":58,"column":2},"end":{"line":58,"column":7}},"loc":{"start":{"line":58,"column":30},"end":{"line":61,"column":3}}},"3":{"name":"(anonymous_7)","decl":{"start":{"line":67,"column":2},"end":{"line":67,"column":9}},"loc":{"start":{"line":67,"column":47},"end":{"line":69,"column":3}}},"4":{"name":"(anonymous_8)","decl":{"start":{"line":79,"column":2},"end":{"line":79,"column":7}},"loc":{"start":{"line":82,"column":46},"end":{"line":85,"column":3}}},"5":{"name":"(anonymous_9)","decl":{"start":{"line":92,"column":2},"end":{"line":92,"column":7}},"loc":{"start":{"line":95,"column":24},"end":{"line":116,"column":3}}},"6":{"name":"(anonymous_10)","decl":{"start":{"line":123,"column":2},"end":{"line":123,"column":7}},"loc":{"start":{"line":123,"column":74},"end":{"line":125,"column":3}}},"7":{"name":"(anonymous_11)","decl":{"start":{"line":133,"column":2},"end":{"line":133,"column":8}},"loc":{"start":{"line":133,"column":46},"end":{"line":135,"column":3}}}},"branchMap":{"0":{"loc":{"start":{"line":46,"column":4},"end":{"line":48,"column":5}},"type":"if","locations":[{"start":{"line":46,"column":4},"end":{"line":48,"column":5}}]},"1":{"loc":{"start":{"line":111,"column":6},"end":{"line":113,"column":7}},"type":"if","locations":[{"start":{"line":111,"column":6},"end":{"line":113,"column":7}}]}},"s":{"0":1,"1":1,"2":1,"3":1,"4":1,"5":1,"6":1,"7":1,"8":12,"9":2,"10":1,"11":1,"12":2,"13":2,"14":1,"15":1,"16":3,"17":3,"18":3,"19":1,"20":1,"21":2,"22":1,"23":1,"24":1,"25":1,"26":1,"27":1,"28":1,"29":1,"30":1,"31":1,"32":1,"33":1,"34":1},"f":{"0":12,"1":2,"2":2,"3":1,"4":1,"5":3,"6":1,"7":1},"b":{"0":[1],"1":[1]}}
,"/home/athos/Desktop/Projetos/ECommerce/back-end/src/product/product.service.ts": {"path":"/home/athos/Desktop/Projetos/ECommerce/back-end/src/product/product.service.ts","statementMap":{"0":{"start":{"line":1,"column":0},"end":{"line":1,"column":null}},"1":{"start":{"line":8,"column":0},"end":{"line":8,"column":51}},"2":{"start":{"line":9,"column":0},"end":{"line":9,"column":37}},"3":{"start":{"line":10,"column":0},"end":{"line":10,"column":55}},"4":{"start":{"line":11,"column":0},"end":{"line":11,"column":55}},"5":{"start":{"line":12,"column":0},"end":{"line":12,"column":43}},"6":{"start":{"line":14,"column":0},"end":{"line":14,"column":43}},"7":{"start":{"line":22,"column":7},"end":{"line":272,"column":null}},"8":{"start":{"line":25,"column":21},"end":{"line":25,"column":40}},"9":{"start":{"line":28,"column":21},"end":{"line":28,"column":41}},"10":{"start":{"line":31,"column":21},"end":{"line":31,"column":37}},"11":{"start":{"line":34,"column":21},"end":{"line":34,"column":41}},"12":{"start":{"line":48,"column":4},"end":{"line":50,"column":5}},"13":{"start":{"line":49,"column":6},"end":{"line":49,"column":66}},"14":{"start":{"line":52,"column":20},"end":{"line":55,"column":6}},"15":{"start":{"line":57,"column":4},"end":{"line":57,"column":47}},"16":{"start":{"line":59,"column":4},"end":{"line":59,"column":54}},"17":{"start":{"line":72,"column":21},"end":{"line":72,"column":56}},"18":{"start":{"line":75,"column":32},"end":{"line":75,"column":73}},"19":{"start":{"line":75,"column":68},"end":{"line":75,"column":72}},"20":{"start":{"line":77,"column":4},"end":{"line":79,"column":5}},"21":{"start":{"line":78,"column":6},"end":{"line":78,"column":33}},"22":{"start":{"line":81,"column":22},"end":{"line":84,"column":6}},"23":{"start":{"line":86,"column":32},"end":{"line":86,"column":75}},"24":{"start":{"line":86,"column":61},"end":{"line":86,"column":73}},"25":{"start":{"line":88,"column":4},"end":{"line":91,"column":8}},"26":{"start":{"line":88,"column":49},"end":{"line":91,"column":6}},"27":{"start":{"line":101,"column":20},"end":{"line":101,"column":75}},"28":{"start":{"line":102,"column":4},"end":{"line":104,"column":5}},"29":{"start":{"line":103,"column":6},"end":{"line":103,"column":60}},"30":{"start":{"line":105,"column":4},"end":{"line":105,"column":19}},"31":{"start":{"line":123,"column":20},"end":{"line":123,"column":42}},"32":{"start":{"line":125,"column":29},"end":{"line":127,"column":6}},"33":{"start":{"line":129,"column":4},"end":{"line":133,"column":5}},"34":{"start":{"line":130,"column":6},"end":{"line":132,"column":8}},"35":{"start":{"line":135,"column":4},"end":{"line":135,"column":45}},"36":{"start":{"line":137,"column":4},"end":{"line":139,"column":5}},"37":{"start":{"line":138,"column":6},"end":{"line":138,"column":32}},"38":{"start":{"line":141,"column":4},"end":{"line":141,"column":47}},"39":{"start":{"line":143,"column":4},"end":{"line":143,"column":55}},"40":{"start":{"line":155,"column":4},"end":{"line":174,"column":5}},"41":{"start":{"line":156,"column":21},"end":{"line":156,"column":60}},"42":{"start":{"line":158,"column":6},"end":{"line":160,"column":7}},"43":{"start":{"line":159,"column":8},"end":{"line":159,"column":64}},"44":{"start":{"line":162,"column":6},"end":{"line":162,"column":58}},"45":{"start":{"line":164,"column":6},"end":{"line":171,"column":7}},"46":{"start":{"line":168,"column":8},"end":{"line":170,"column":10}},"47":{"start":{"line":173,"column":6},"end":{"line":173,"column":73}},"48":{"start":{"line":189,"column":4},"end":{"line":191,"column":5}},"49":{"start":{"line":190,"column":6},"end":{"line":190,"column":62}},"50":{"start":{"line":193,"column":17},"end":{"line":195,"column":6}},"51":{"start":{"line":196,"column":4},"end":{"line":198,"column":5}},"52":{"start":{"line":197,"column":6},"end":{"line":197,"column":61}},"53":{"start":{"line":200,"column":20},"end":{"line":202,"column":6}},"54":{"start":{"line":203,"column":4},"end":{"line":205,"column":5}},"55":{"start":{"line":204,"column":6},"end":{"line":204,"column":60}},"56":{"start":{"line":208,"column":4},"end":{"line":210,"column":5}},"57":{"start":{"line":209,"column":6},"end":{"line":209,"column":26}},"58":{"start":{"line":213,"column":21},"end":{"line":215,"column":6}},"59":{"start":{"line":216,"column":4},"end":{"line":218,"column":5}},"60":{"start":{"line":217,"column":6},"end":{"line":217,"column":68}},"61":{"start":{"line":221,"column":19},"end":{"line":223,"column":6}},"62":{"start":{"line":225,"column":4},"end":{"line":232,"column":5}},"63":{"start":{"line":226,"column":6},"end":{"line":231,"column":9}},"64":{"start":{"line":234,"column":4},"end":{"line":238,"column":5}},"65":{"start":{"line":235,"column":6},"end":{"line":237,"column":8}},"66":{"start":{"line":240,"column":4},"end":{"line":240,"column":21}},"67":{"start":{"line":241,"column":4},"end":{"line":241,"column":49}},"68":{"start":{"line":243,"column":4},"end":{"line":243,"column":24}},"69":{"start":{"line":254,"column":17},"end":{"line":256,"column":6}},"70":{"start":{"line":258,"column":4},"end":{"line":260,"column":5}},"71":{"start":{"line":259,"column":6},"end":{"line":259,"column":60}},"72":{"start":{"line":262,"column":22},"end":{"line":265,"column":6}},"73":{"start":{"line":267,"column":4},"end":{"line":270,"column":7}},"74":{"start":{"line":268,"column":46},"end":{"line":268,"column":53}},"75":{"start":{"line":269,"column":6},"end":{"line":269,"column":32}},"76":{"start":{"line":22,"column":13},"end":{"line":22,"column":27}},"77":{"start":{"line":22,"column":13},"end":{"line":272,"column":null}}},"fnMap":{"0":{"name":"(anonymous_4)","decl":{"start":{"line":23,"column":2},"end":{"line":23,"column":null}},"loc":{"start":{"line":34,"column":61},"end":{"line":35,"column":6}}},"1":{"name":"(anonymous_5)","decl":{"start":{"line":44,"column":2},"end":{"line":44,"column":7}},"loc":{"start":{"line":46,"column":22},"end":{"line":60,"column":3}}},"2":{"name":"(anonymous_6)","decl":{"start":{"line":69,"column":2},"end":{"line":69,"column":7}},"loc":{"start":{"line":70,"column":19},"end":{"line":92,"column":3}}},"3":{"name":"(anonymous_7)","decl":{"start":{"line":75,"column":45},"end":{"line":75,"column":46}},"loc":{"start":{"line":75,"column":68},"end":{"line":75,"column":72}}},"4":{"name":"(anonymous_8)","decl":{"start":{"line":86,"column":54},"end":{"line":86,"column":55}},"loc":{"start":{"line":86,"column":61},"end":{"line":86,"column":73}}},"5":{"name":"(anonymous_9)","decl":{"start":{"line":88,"column":35},"end":{"line":88,"column":36}},"loc":{"start":{"line":88,"column":49},"end":{"line":91,"column":6}}},"6":{"name":"(anonymous_10)","decl":{"start":{"line":100,"column":2},"end":{"line":100,"column":7}},"loc":{"start":{"line":100,"column":26},"end":{"line":106,"column":3}}},"7":{"name":"(anonymous_11)","decl":{"start":{"line":118,"column":2},"end":{"line":118,"column":7}},"loc":{"start":{"line":121,"column":23},"end":{"line":144,"column":3}}},"8":{"name":"(anonymous_12)","decl":{"start":{"line":154,"column":2},"end":{"line":154,"column":7}},"loc":{"start":{"line":154,"column":25},"end":{"line":175,"column":3}}},"9":{"name":"(anonymous_13)","decl":{"start":{"line":188,"column":2},"end":{"line":188,"column":7}},"loc":{"start":{"line":188,"column":60},"end":{"line":244,"column":3}}},"10":{"name":"(anonymous_14)","decl":{"start":{"line":253,"column":2},"end":{"line":253,"column":7}},"loc":{"start":{"line":253,"column":42},"end":{"line":271,"column":3}}},"11":{"name":"(anonymous_15)","decl":{"start":{"line":267,"column":25},"end":{"line":267,"column":26}},"loc":{"start":{"line":267,"column":41},"end":{"line":270,"column":5}}}},"branchMap":{"0":{"loc":{"start":{"line":48,"column":4},"end":{"line":50,"column":5}},"type":"if","locations":[{"start":{"line":48,"column":4},"end":{"line":50,"column":5}}]},"1":{"loc":{"start":{"line":77,"column":4},"end":{"line":79,"column":5}},"type":"if","locations":[{"start":{"line":77,"column":4},"end":{"line":79,"column":5}}]},"2":{"loc":{"start":{"line":102,"column":4},"end":{"line":104,"column":5}},"type":"if","locations":[{"start":{"line":102,"column":4},"end":{"line":104,"column":5}}]},"3":{"loc":{"start":{"line":129,"column":4},"end":{"line":133,"column":5}},"type":"if","locations":[{"start":{"line":129,"column":4},"end":{"line":133,"column":5}}]},"4":{"loc":{"start":{"line":137,"column":4},"end":{"line":139,"column":5}},"type":"if","locations":[{"start":{"line":137,"column":4},"end":{"line":139,"column":5}}]},"5":{"loc":{"start":{"line":158,"column":6},"end":{"line":160,"column":7}},"type":"if","locations":[{"start":{"line":158,"column":6},"end":{"line":160,"column":7}}]},"6":{"loc":{"start":{"line":164,"column":6},"end":{"line":171,"column":7}},"type":"if","locations":[{"start":{"line":164,"column":6},"end":{"line":171,"column":7}}]},"7":{"loc":{"start":{"line":165,"column":8},"end":{"line":166,"column":64}},"type":"binary-expr","locations":[{"start":{"line":165,"column":8},"end":{"line":165,"column":42}},{"start":{"line":166,"column":8},"end":{"line":166,"column":64}}]},"8":{"loc":{"start":{"line":189,"column":4},"end":{"line":191,"column":5}},"type":"if","locations":[{"start":{"line":189,"column":4},"end":{"line":191,"column":5}}]},"9":{"loc":{"start":{"line":196,"column":4},"end":{"line":198,"column":5}},"type":"if","locations":[{"start":{"line":196,"column":4},"end":{"line":198,"column":5}}]},"10":{"loc":{"start":{"line":203,"column":4},"end":{"line":205,"column":5}},"type":"if","locations":[{"start":{"line":203,"column":4},"end":{"line":205,"column":5}}]},"11":{"loc":{"start":{"line":208,"column":4},"end":{"line":210,"column":5}},"type":"if","locations":[{"start":{"line":208,"column":4},"end":{"line":210,"column":5}}]},"12":{"loc":{"start":{"line":216,"column":4},"end":{"line":218,"column":5}},"type":"if","locations":[{"start":{"line":216,"column":4},"end":{"line":218,"column":5}}]},"13":{"loc":{"start":{"line":225,"column":4},"end":{"line":232,"column":5}},"type":"if","locations":[{"start":{"line":225,"column":4},"end":{"line":232,"column":5}}]},"14":{"loc":{"start":{"line":234,"column":4},"end":{"line":238,"column":5}},"type":"if","locations":[{"start":{"line":234,"column":4},"end":{"line":238,"column":5}}]},"15":{"loc":{"start":{"line":258,"column":4},"end":{"line":260,"column":5}},"type":"if","locations":[{"start":{"line":258,"column":4},"end":{"line":260,"column":5}}]}},"s":{"0":2,"1":2,"2":2,"3":2,"4":2,"5":2,"6":2,"7":2,"8":25,"9":25,"10":25,"11":25,"12":2,"13":1,"14":1,"15":1,"16":1,"17":2,"18":2,"19":4,"20":2,"21":1,"22":1,"23":1,"24":1,"25":1,"26":2,"27":6,"28":6,"29":2,"30":4,"31":4,"32":3,"33":3,"34":1,"35":2,"36":2,"37":1,"38":2,"39":2,"40":4,"41":4,"42":2,"43":1,"44":1,"45":3,"46":1,"47":2,"48":8,"49":1,"50":7,"51":7,"52":1,"53":6,"54":6,"55":1,"56":5,"57":1,"58":4,"59":4,"60":1,"61":3,"62":3,"63":1,"64":3,"65":1,"66":2,"67":2,"68":2,"69":2,"70":2,"71":1,"72":1,"73":1,"74":2,"75":2,"76":2,"77":2},"f":{"0":25,"1":2,"2":2,"3":4,"4":1,"5":2,"6":6,"7":4,"8":4,"9":8,"10":2,"11":2},"b":{"0":[1],"1":[1],"2":[2],"3":[1],"4":[1],"5":[1],"6":[1],"7":[3,2],"8":[1],"9":[1],"10":[1],"11":[1],"12":[1],"13":[1],"14":[1],"15":[1]}}
,"/home/athos/Desktop/Projetos/ECommerce/back-end/src/purchase/purchase.controller.ts": {"path":"/home/athos/Desktop/Projetos/ECommerce/back-end/src/purchase/purchase.controller.ts","statementMap":{"0":{"start":{"line":1,"column":0},"end":{"line":1,"column":null}},"1":{"start":{"line":10,"column":0},"end":{"line":10,"column":54}},"2":{"start":{"line":11,"column":0},"end":{"line":11,"column":53}},"3":{"start":{"line":18,"column":7},"end":{"line":49,"column":null}},"4":{"start":{"line":19,"column":31},"end":{"line":19,"column":48}},"5":{"start":{"line":30,"column":19},"end":{"line":30,"column":34}},"6":{"start":{"line":31,"column":4},"end":{"line":35,"column":5}},"7":{"start":{"line":32,"column":6},"end":{"line":32,"column":74}},"8":{"start":{"line":34,"column":6},"end":{"line":34,"column":80}},"9":{"start":{"line":46,"column":19},"end":{"line":46,"column":34}},"10":{"start":{"line":47,"column":4},"end":{"line":47,"column":57}},"11":{"start":{"line":18,"column":13},"end":{"line":18,"column":31}},"12":{"start":{"line":29,"column":8},"end":{"line":36,"column":null}},"13":{"start":{"line":45,"column":8},"end":{"line":48,"column":null}},"14":{"start":{"line":18,"column":13},"end":{"line":49,"column":null}}},"fnMap":{"0":{"name":"(anonymous_4)","decl":{"start":{"line":19,"column":2},"end":{"line":19,"column":31}},"loc":{"start":{"line":19,"column":63},"end":{"line":19,"column":67}}},"1":{"name":"(anonymous_5)","decl":{"start":{"line":29,"column":2},"end":{"line":29,"column":7}},"loc":{"start":{"line":29,"column":67},"end":{"line":36,"column":3}}},"2":{"name":"(anonymous_6)","decl":{"start":{"line":45,"column":2},"end":{"line":45,"column":7}},"loc":{"start":{"line":45,"column":39},"end":{"line":48,"column":3}}}},"branchMap":{"0":{"loc":{"start":{"line":34,"column":36},"end":{"line":34,"column":78}},"type":"binary-expr","locations":[{"start":{"line":34,"column":36},"end":{"line":34,"column":49}},{"start":{"line":34,"column":53},"end":{"line":34,"column":78}}]}},"s":{"0":1,"1":1,"2":1,"3":1,"4":5,"5":3,"6":3,"7":3,"8":2,"9":1,"10":1,"11":1,"12":1,"13":1,"14":1},"f":{"0":5,"1":3,"2":1},"b":{"0":[2,1]}}
,"/home/athos/Desktop/Projetos/ECommerce/back-end/src/purchase/purchase.service.ts": {"path":"/home/athos/Desktop/Projetos/ECommerce/back-end/src/purchase/purchase.service.ts","statementMap":{"0":{"start":{"line":1,"column":0},"end":{"line":1,"column":44}},"1":{"start":{"line":2,"column":0},"end":{"line":2,"column":51}},"2":{"start":{"line":3,"column":0},"end":{"line":3,"column":37}},"3":{"start":{"line":4,"column":0},"end":{"line":4,"column":52}},"4":{"start":{"line":5,"column":0},"end":{"line":5,"column":43}},"5":{"start":{"line":6,"column":0},"end":{"line":6,"column":45}},"6":{"start":{"line":14,"column":7},"end":{"line":89,"column":null}},"7":{"start":{"line":17,"column":21},"end":{"line":17,"column":41}},"8":{"start":{"line":20,"column":21},"end":{"line":20,"column":37}},"9":{"start":{"line":23,"column":21},"end":{"line":23,"column":40}},"10":{"start":{"line":41,"column":29},"end":{"line":46,"column":6}},"11":{"start":{"line":48,"column":4},"end":{"line":50,"column":5}},"12":{"start":{"line":49,"column":6},"end":{"line":49,"column":62}},"13":{"start":{"line":53,"column":17},"end":{"line":55,"column":6}},"14":{"start":{"line":56,"column":4},"end":{"line":58,"column":5}},"15":{"start":{"line":57,"column":6},"end":{"line":57,"column":48}},"16":{"start":{"line":61,"column":20},"end":{"line":63,"column":6}},"17":{"start":{"line":64,"column":4},"end":{"line":66,"column":5}},"18":{"start":{"line":65,"column":6},"end":{"line":65,"column":48}},"19":{"start":{"line":69,"column":21},"end":{"line":69,"column":70}},"20":{"start":{"line":70,"column":18},"end":{"line":70,"column":62}},"21":{"start":{"line":73,"column":36},"end":{"line":73,"column":41}},"22":{"start":{"line":74,"column":4},"end":{"line":74,"column":19}},"23":{"start":{"line":84,"column":4},"end":{"line":87,"column":7}},"24":{"start":{"line":14,"column":13},"end":{"line":14,"column":28}},"25":{"start":{"line":14,"column":13},"end":{"line":89,"column":null}}},"fnMap":{"0":{"name":"(anonymous_4)","decl":{"start":{"line":15,"column":2},"end":{"line":15,"column":null}},"loc":{"start":{"line":23,"column":59},"end":{"line":24,"column":6}}},"1":{"name":"(anonymous_5)","decl":{"start":{"line":36,"column":2},"end":{"line":36,"column":7}},"loc":{"start":{"line":38,"column":21},"end":{"line":75,"column":3}}},"2":{"name":"(anonymous_6)","decl":{"start":{"line":83,"column":2},"end":{"line":83,"column":7}},"loc":{"start":{"line":83,"column":39},"end":{"line":88,"column":3}}}},"branchMap":{"0":{"loc":{"start":{"line":48,"column":4},"end":{"line":50,"column":5}},"type":"if","locations":[{"start":{"line":48,"column":4},"end":{"line":50,"column":5}}]},"1":{"loc":{"start":{"line":56,"column":4},"end":{"line":58,"column":5}},"type":"if","locations":[{"start":{"line":56,"column":4},"end":{"line":58,"column":5}}]},"2":{"loc":{"start":{"line":64,"column":4},"end":{"line":66,"column":5}},"type":"if","locations":[{"start":{"line":64,"column":4},"end":{"line":66,"column":5}}]}},"s":{"0":2,"1":2,"2":2,"3":2,"4":2,"5":2,"6":2,"7":7,"8":7,"9":7,"10":4,"11":4,"12":1,"13":3,"14":3,"15":1,"16":2,"17":2,"18":1,"19":1,"20":1,"21":1,"22":1,"23":2,"24":2,"25":2},"f":{"0":7,"1":4,"2":2},"b":{"0":[1],"1":[1],"2":[1]}}
,"/home/athos/Desktop/Projetos/ECommerce/back-end/src/user/user.controller.ts": {"path":"/home/athos/Desktop/Projetos/ECommerce/back-end/src/user/user.controller.ts","statementMap":{"0":{"start":{"line":1,"column":0},"end":{"line":1,"column":null}},"1":{"start":{"line":12,"column":0},"end":{"line":12,"column":54}},"2":{"start":{"line":13,"column":0},"end":{"line":13,"column":48}},"3":{"start":{"line":14,"column":0},"end":{"line":14,"column":49}},"4":{"start":{"line":16,"column":0},"end":{"line":16,"column":45}},"5":{"start":{"line":26,"column":7},"end":{"line":88,"column":null}},"6":{"start":{"line":27,"column":31},"end":{"line":27,"column":44}},"7":{"start":{"line":37,"column":4},"end":{"line":37,"column":38}},"8":{"start":{"line":50,"column":4},"end":{"line":57,"column":5}},"9":{"start":{"line":51,"column":6},"end":{"line":51,"column":55}},"10":{"start":{"line":53,"column":6},"end":{"line":55,"column":7}},"11":{"start":{"line":54,"column":8},"end":{"line":54,"column":53}},"12":{"start":{"line":56,"column":6},"end":{"line":56,"column":18}},"13":{"start":{"line":68,"column":4},"end":{"line":68,"column":52}},"14":{"start":{"line":81,"column":19},"end":{"line":81,"column":35}},"15":{"start":{"line":82,"column":4},"end":{"line":84,"column":5}},"16":{"start":{"line":83,"column":6},"end":{"line":83,"column":63}},"17":{"start":{"line":86,"column":4},"end":{"line":86,"column":51}},"18":{"start":{"line":26,"column":13},"end":{"line":26,"column":27}},"19":{"start":{"line":36,"column":2},"end":{"line":38,"column":null}},"20":{"start":{"line":49,"column":8},"end":{"line":58,"column":null}},"21":{"start":{"line":67,"column":8},"end":{"line":69,"column":null}},"22":{"start":{"line":80,"column":8},"end":{"line":87,"column":null}},"23":{"start":{"line":26,"column":13},"end":{"line":88,"column":null}}},"fnMap":{"0":{"name":"(anonymous_4)","decl":{"start":{"line":27,"column":2},"end":{"line":27,"column":31}},"loc":{"start":{"line":27,"column":55},"end":{"line":27,"column":59}}},"1":{"name":"(anonymous_5)","decl":{"start":{"line":36,"column":2},"end":{"line":36,"column":9}},"loc":{"start":{"line":36,"column":9},"end":{"line":38,"column":3}}},"2":{"name":"(anonymous_6)","decl":{"start":{"line":49,"column":2},"end":{"line":49,"column":7}},"loc":{"start":{"line":49,"column":38},"end":{"line":58,"column":3}}},"3":{"name":"(anonymous_7)","decl":{"start":{"line":67,"column":2},"end":{"line":67,"column":7}},"loc":{"start":{"line":67,"column":29},"end":{"line":69,"column":3}}},"4":{"name":"(anonymous_8)","decl":{"start":{"line":80,"column":2},"end":{"line":80,"column":7}},"loc":{"start":{"line":80,"column":60},"end":{"line":87,"column":3}}}},"branchMap":{"0":{"loc":{"start":{"line":53,"column":6},"end":{"line":55,"column":7}},"type":"if","locations":[{"start":{"line":53,"column":6},"end":{"line":55,"column":7}}]},"1":{"loc":{"start":{"line":82,"column":4},"end":{"line":84,"column":5}},"type":"if","locations":[{"start":{"line":82,"column":4},"end":{"line":84,"column":5}}]}},"s":{"0":1,"1":1,"2":1,"3":1,"4":1,"5":1,"6":8,"7":1,"8":3,"9":3,"10":2,"11":1,"12":1,"13":1,"14":2,"15":2,"16":1,"17":1,"18":1,"19":1,"20":1,"21":1,"22":1,"23":1},"f":{"0":8,"1":1,"2":3,"3":1,"4":2},"b":{"0":[1],"1":[1]}}
,"/home/athos/Desktop/Projetos/ECommerce/back-end/src/user/user.service.ts": {"path":"/home/athos/Desktop/Projetos/ECommerce/back-end/src/user/user.service.ts","statementMap":{"0":{"start":{"line":1,"column":0},"end":{"line":1,"column":44}},"1":{"start":{"line":2,"column":0},"end":{"line":2,"column":51}},"2":{"start":{"line":3,"column":0},"end":{"line":3,"column":37}},"3":{"start":{"line":4,"column":0},"end":{"line":4,"column":37}},"4":{"start":{"line":13,"column":7},"end":{"line":100,"column":null}},"5":{"start":{"line":16,"column":12},"end":{"line":16,"column":18}},"6":{"start":{"line":25,"column":17},"end":{"line":25,"column":39}},"7":{"start":{"line":26,"column":4},"end":{"line":26,"column":32}},"8":{"start":{"line":36,"column":4},"end":{"line":36,"column":51}},"9":{"start":{"line":45,"column":4},"end":{"line":48,"column":7}},"10":{"start":{"line":59,"column":17},"end":{"line":62,"column":6}},"11":{"start":{"line":64,"column":4},"end":{"line":66,"column":5}},"12":{"start":{"line":65,"column":6},"end":{"line":65,"column":65}},"13":{"start":{"line":68,"column":4},"end":{"line":72,"column":5}},"14":{"start":{"line":69,"column":6},"end":{"line":71,"column":8}},"15":{"start":{"line":74,"column":4},"end":{"line":74,"column":34}},"16":{"start":{"line":83,"column":4},"end":{"line":83,"column":52}},"17":{"start":{"line":94,"column":4},"end":{"line":96,"column":5}},"18":{"start":{"line":95,"column":6},"end":{"line":95,"column":46}},"19":{"start":{"line":97,"column":4},"end":{"line":97,"column":45}},"20":{"start":{"line":98,"column":4},"end":{"line":98,"column":31}},"21":{"start":{"line":13,"column":13},"end":{"line":13,"column":24}},"22":{"start":{"line":13,"column":13},"end":{"line":100,"column":null}}},"fnMap":{"0":{"name":"(anonymous_4)","decl":{"start":{"line":14,"column":2},"end":{"line":14,"column":null}},"loc":{"start":{"line":16,"column":34},"end":{"line":17,"column":6}}},"1":{"name":"(anonymous_5)","decl":{"start":{"line":24,"column":2},"end":{"line":24,"column":8}},"loc":{"start":{"line":24,"column":28},"end":{"line":27,"column":3}}},"2":{"name":"(anonymous_6)","decl":{"start":{"line":35,"column":2},"end":{"line":35,"column":13}},"loc":{"start":{"line":35,"column":27},"end":{"line":37,"column":3}}},"3":{"name":"(anonymous_7)","decl":{"start":{"line":44,"column":2},"end":{"line":44,"column":7}},"loc":{"start":{"line":44,"column":15},"end":{"line":49,"column":3}}},"4":{"name":"(anonymous_8)","decl":{"start":{"line":58,"column":2},"end":{"line":58,"column":7}},"loc":{"start":{"line":58,"column":29},"end":{"line":75,"column":3}}},"5":{"name":"(anonymous_9)","decl":{"start":{"line":82,"column":2},"end":{"line":82,"column":7}},"loc":{"start":{"line":82,"column":29},"end":{"line":84,"column":3}}},"6":{"name":"(anonymous_10)","decl":{"start":{"line":93,"column":2},"end":{"line":93,"column":7}},"loc":{"start":{"line":93,"column":52},"end":{"line":99,"column":3}}}},"branchMap":{"0":{"loc":{"start":{"line":64,"column":4},"end":{"line":66,"column":5}},"type":"if","locations":[{"start":{"line":64,"column":4},"end":{"line":66,"column":5}}]},"1":{"loc":{"start":{"line":68,"column":4},"end":{"line":72,"column":5}},"type":"if","locations":[{"start":{"line":68,"column":4},"end":{"line":72,"column":5}}]},"2":{"loc":{"start":{"line":68,"column":8},"end":{"line":68,"column":51}},"type":"binary-expr","locations":[{"start":{"line":68,"column":8},"end":{"line":68,"column":22}},{"start":{"line":68,"column":26},"end":{"line":68,"column":51}}]},"3":{"loc":{"start":{"line":94,"column":4},"end":{"line":96,"column":5}},"type":"if","locations":[{"start":{"line":94,"column":4},"end":{"line":96,"column":5}}]}},"s":{"0":4,"1":4,"2":4,"3":4,"4":4,"5":12,"6":1,"7":1,"8":2,"9":1,"10":3,"11":3,"12":1,"13":2,"14":1,"15":1,"16":3,"17":4,"18":3,"19":1,"20":1,"21":4,"22":4},"f":{"0":12,"1":1,"2":2,"3":1,"4":3,"5":3,"6":4},"b":{"0":[1],"1":[1],"2":[2,2],"3":[3]}}
}
