TN:
SF:src/app.controller.ts
FN:11,(anonymous_2)
FN:18,(anonymous_3)
FNF:2
FNH:2
FNDA:1,(anonymous_2)
FNDA:1,(anonymous_3)
DA:1,1
DA:3,1
DA:10,1
DA:11,1
DA:18,1
DA:19,1
LF:6
LH:6
BRF:0
BRH:0
end_of_record
TN:
SF:src/app.service.ts
FN:9,(anonymous_1)
FNF:1
FNH:1
FNDA:1,(anonymous_1)
DA:1,1
DA:8,1
DA:10,1
LF:3
LH:3
BRF:0
BRH:0
end_of_record
TN:
SF:src/auth/auth.controller.ts
FN:13,(anonymous_4)
FN:18,(anonymous_5)
FN:25,(anonymous_6)
FNF:3
FNH:3
FNDA:5,(anonymous_4)
FNDA:2,(anonymous_5)
FNDA:2,(anonymous_6)
DA:1,1
DA:8,1
DA:9,1
DA:12,1
DA:13,5
DA:18,1
DA:19,2
DA:25,1
DA:26,2
LF:9
LH:9
BRF:0
BRH:0
end_of_record
TN:
SF:src/auth/auth.service.ts
FN:11,(anonymous_2)
FN:18,(anonymous_3)
FN:29,(anonymous_4)
FN:38,(anonymous_5)
FNF:4
FNH:4
FNDA:8,(anonymous_2)
FNDA:2,(anonymous_3)
FNDA:3,(anonymous_4)
FNDA:2,(anonymous_5)
DA:1,2
DA:3,2
DA:5,2
DA:7,2
DA:10,2
DA:12,8
DA:13,8
DA:19,2
DA:20,2
DA:30,3
DA:31,3
DA:32,2
DA:33,2
DA:34,1
DA:39,2
DA:40,1
DA:42,1
LF:17
LH:17
BRDA:31,0,0,1
BRDA:33,1,0,1
BRF:2
BRH:2
end_of_record
TN:
SF:src/auth/jwt-auth.guard.ts
FNF:0
FNH:0
DA:1,4
DA:2,4
DA:8,4
LF:3
LH:3
BRF:0
BRH:0
end_of_record
TN:
SF:src/auth/jwt.strategy.ts
FN:12,(anonymous_2)
FN:21,(anonymous_3)
FNF:2
FNH:2
FNDA:2,(anonymous_2)
FNDA:2,(anonymous_3)
DA:1,1
DA:3,1
DA:4,1
DA:11,1
DA:13,2
DA:22,2
LF:6
LH:6
BRF:0
BRH:0
end_of_record
TN:
SF:src/auth/roles.decorator.ts
FN:7,(anonymous_0)
FNF:1
FNH:1
FNDA:7,(anonymous_0)
DA:1,3
DA:7,7
LF:2
LH:2
BRF:0
BRH:0
end_of_record
TN:
SF:src/auth/roles.guard.ts
FN:20,(anonymous_2)
FN:22,(anonymous_3)
FNF:2
FNH:2
FNDA:5,(anonymous_2)
FNDA:4,(anonymous_3)
DA:1,3
DA:8,3
DA:19,3
DA:20,5
DA:23,4
DA:27,4
DA:28,1
DA:30,3
DA:31,3
DA:32,2
DA:34,1
LF:11
LH:11
BRDA:27,0,0,1
BRDA:31,1,0,2
BRDA:31,2,0,3
BRDA:31,2,1,2
BRF:4
BRH:4
end_of_record
TN:
SF:src/product/product.controller.ts
FN:33,(anonymous_4)
FN:42,(anonymous_5)
FN:58,(anonymous_6)
FN:67,(anonymous_7)
FN:79,(anonymous_8)
FN:92,(anonymous_9)
FN:123,(anonymous_10)
FN:133,(anonymous_11)
FNF:8
FNH:8
FNDA:12,(anonymous_4)
FNDA:2,(anonymous_5)
FNDA:2,(anonymous_6)
FNDA:1,(anonymous_7)
FNDA:1,(anonymous_8)
FNDA:3,(anonymous_9)
FNDA:1,(anonymous_10)
FNDA:1,(anonymous_11)
DA:1,1
DA:18,1
DA:20,1
DA:21,1
DA:22,1
DA:23,1
DA:24,1
DA:32,1
DA:33,12
DA:42,1
DA:46,2
DA:47,1
DA:50,1
DA:58,1
DA:59,2
DA:60,2
DA:67,1
DA:68,1
DA:79,1
DA:84,1
DA:92,1
DA:97,3
DA:98,3
DA:99,3
DA:104,1
DA:109,1
DA:111,2
DA:112,1
DA:114,1
DA:123,1
DA:124,1
DA:133,1
DA:134,1
LF:33
LH:33
BRDA:46,0,0,1
BRDA:111,1,0,1
BRF:2
BRH:2
end_of_record
TN:
SF:src/product/product.service.ts
FN:23,(anonymous_4)
FN:44,(anonymous_5)
FN:69,(anonymous_6)
FN:75,(anonymous_7)
FN:86,(anonymous_8)
FN:88,(anonymous_9)
FN:100,(anonymous_10)
FN:118,(anonymous_11)
FN:154,(anonymous_12)
FN:188,(anonymous_13)
FN:253,(anonymous_14)
FN:267,(anonymous_15)
FNF:12
FNH:12
FNDA:25,(anonymous_4)
FNDA:2,(anonymous_5)
FNDA:2,(anonymous_6)
FNDA:4,(anonymous_7)
FNDA:1,(anonymous_8)
FNDA:2,(anonymous_9)
FNDA:6,(anonymous_10)
FNDA:4,(anonymous_11)
FNDA:4,(anonymous_12)
FNDA:8,(anonymous_13)
FNDA:2,(anonymous_14)
FNDA:2,(anonymous_15)
DA:1,2
DA:8,2
DA:9,2
DA:10,2
DA:11,2
DA:12,2
DA:14,2
DA:22,2
DA:25,25
DA:28,25
DA:31,25
DA:34,25
DA:48,2
DA:49,1
DA:52,1
DA:57,1
DA:59,1
DA:72,2
DA:75,4
DA:77,2
DA:78,1
DA:81,1
DA:86,1
DA:88,2
DA:101,6
DA:102,6
DA:103,2
DA:105,4
DA:123,4
DA:125,3
DA:129,3
DA:130,1
DA:135,2
DA:137,2
DA:138,1
DA:141,2
DA:143,2
DA:155,4
DA:156,4
DA:158,2
DA:159,1
DA:162,1
DA:164,3
DA:168,1
DA:173,2
DA:189,8
DA:190,1
DA:193,7
DA:196,7
DA:197,1
DA:200,6
DA:203,6
DA:204,1
DA:208,5
DA:209,1
DA:213,4
DA:216,4
DA:217,1
DA:221,3
DA:225,3
DA:226,1
DA:234,3
DA:235,1
DA:240,2
DA:241,2
DA:243,2
DA:254,2
DA:258,2
DA:259,1
DA:262,1
DA:267,1
DA:268,2
DA:269,2
LF:73
LH:73
BRDA:48,0,0,1
BRDA:77,1,0,1
BRDA:102,2,0,2
BRDA:129,3,0,1
BRDA:137,4,0,1
BRDA:158,5,0,1
BRDA:164,6,0,1
BRDA:165,7,0,3
BRDA:165,7,1,2
BRDA:189,8,0,1
BRDA:196,9,0,1
BRDA:203,10,0,1
BRDA:208,11,0,1
BRDA:216,12,0,1
BRDA:225,13,0,1
BRDA:234,14,0,1
BRDA:258,15,0,1
BRF:17
BRH:17
end_of_record
TN:
SF:src/purchase/purchase.controller.ts
FN:19,(anonymous_4)
FN:29,(anonymous_5)
FN:45,(anonymous_6)
FNF:3
FNH:3
FNDA:5,(anonymous_4)
FNDA:3,(anonymous_5)
FNDA:1,(anonymous_6)
DA:1,1
DA:10,1
DA:11,1
DA:18,1
DA:19,5
DA:29,1
DA:30,3
DA:31,3
DA:32,3
DA:34,2
DA:45,1
DA:46,1
DA:47,1
LF:13
LH:13
BRDA:34,0,0,2
BRDA:34,0,1,1
BRF:2
BRH:2
end_of_record
TN:
SF:src/purchase/purchase.service.ts
FN:15,(anonymous_4)
FN:36,(anonymous_5)
FN:83,(anonymous_6)
FNF:3
FNH:3
FNDA:7,(anonymous_4)
FNDA:4,(anonymous_5)
FNDA:2,(anonymous_6)
DA:1,2
DA:2,2
DA:3,2
DA:4,2
DA:5,2
DA:6,2
DA:14,2
DA:17,7
DA:20,7
DA:23,7
DA:41,4
DA:48,4
DA:49,1
DA:53,3
DA:56,3
DA:57,1
DA:61,2
DA:64,2
DA:65,1
DA:69,1
DA:70,1
DA:73,1
DA:74,1
DA:84,2
LF:24
LH:24
BRDA:48,0,0,1
BRDA:56,1,0,1
BRDA:64,2,0,1
BRF:3
BRH:3
end_of_record
TN:
SF:src/user/user.controller.ts
FN:27,(anonymous_4)
FN:36,(anonymous_5)
FN:49,(anonymous_6)
FN:67,(anonymous_7)
FN:80,(anonymous_8)
FNF:5
FNH:5
FNDA:8,(anonymous_4)
FNDA:1,(anonymous_5)
FNDA:3,(anonymous_6)
FNDA:1,(anonymous_7)
FNDA:2,(anonymous_8)
DA:1,1
DA:12,1
DA:13,1
DA:14,1
DA:16,1
DA:26,1
DA:27,8
DA:36,1
DA:37,1
DA:49,1
DA:50,3
DA:51,3
DA:53,2
DA:54,1
DA:56,1
DA:67,1
DA:68,1
DA:80,1
DA:81,2
DA:82,2
DA:83,1
DA:86,1
LF:22
LH:22
BRDA:53,0,0,1
BRDA:82,1,0,1
BRF:2
BRH:2
end_of_record
TN:
SF:src/user/user.service.ts
FN:14,(anonymous_4)
FN:24,(anonymous_5)
FN:35,(anonymous_6)
FN:44,(anonymous_7)
FN:58,(anonymous_8)
FN:82,(anonymous_9)
FN:93,(anonymous_10)
FNF:7
FNH:7
FNDA:12,(anonymous_4)
FNDA:1,(anonymous_5)
FNDA:2,(anonymous_6)
FNDA:1,(anonymous_7)
FNDA:3,(anonymous_8)
FNDA:3,(anonymous_9)
FNDA:4,(anonymous_10)
DA:1,4
DA:2,4
DA:3,4
DA:4,4
DA:13,4
DA:16,12
DA:25,1
DA:26,1
DA:36,2
DA:45,1
DA:59,3
DA:64,3
DA:65,1
DA:68,2
DA:69,1
DA:74,1
DA:83,3
DA:94,4
DA:95,3
DA:97,1
DA:98,1
LF:21
LH:21
BRDA:64,0,0,1
BRDA:68,1,0,1
BRDA:68,2,0,2
BRDA:68,2,1,2
BRDA:94,3,0,3
BRF:5
BRH:5
end_of_record
